<?xml version="1.0" encoding="utf-8" standalone="no"?>
<!--This file represents the results of running a test suite-->
<test-results name="E:\Workspace\RuanYu\branches\1.0.0\trunk\Velocity\Velocity.TestSuite\Velocity.TestSuite.nunit" total="1" failures="1" not-run="0" date="2009-02-04" time="20:40:11">
  <environment nunit-version="2.4.8.0" clr-version="2.0.50727.3053" os-version="Microsoft Windows NT 5.2.3790 Service Pack 2" platform="Win32NT" cwd="E:\Workspace\RuanYu\branches\1.0.0\trunk\Velocity\Velocity.TestSuite\bin\Debug" machine-name="RUANYU-LAPTOP" user="Administrator" user-domain="RUANYU-LAPTOP" />
  <culture-info current-culture="zh-CN" current-uiculture="zh-CN" />
  <test-suite name="E:\Workspace\RuanYu\branches\1.0.0\trunk\Velocity\Velocity.TestSuite\Velocity.TestSuite.nunit" success="False" time="0.141" asserts="0">
    <results>
      <test-suite name="E:\Workspace\RuanYu\branches\1.0.0\trunk\Velocity\Velocity.TestSuite\bin\Debug\NVelocity.Test.dll" success="False" time="0.141" asserts="0">
        <results>
          <test-suite name="NVelocity" success="False" time="0.125" asserts="0">
            <results>
              <test-suite name="Test" success="False" time="0.125" asserts="0">
                <results>
                  <test-suite name="TemplateTestCase" success="False" time="0.125" asserts="0">
                    <failure>
                      <message><![CDATA[System.Exception : Cannot setup TemplateTestSuite! (未能找到路径“E:\Workspace\RuanYu\branches\1.0.0\trunk\Velocity\Velocity.TestSuite\test\templates\templates.properties”的一部分。)]]></message>
                      <stack-trace><![CDATA[在 NVelocity.Test.TemplateTestCase..ctor() 位置 E:\Workspace\RuanYu\branches\1.0.0\trunk\Velocity\Velocity.TestSuite\TemplateTestCase.cs:行号 74
]]></stack-trace>
                    </failure>
                    <results>
                      <test-case name="NVelocity.Test.TemplateTestCase.CacheProblems" executed="True" success="False" time="0.000" asserts="0">
                        <failure>
                          <message><![CDATA[TestFixtureSetUp failed in TemplateTestCase]]></message>
                          <stack-trace />
                        </failure>
                      </test-case>
                    </results>
                  </test-suite>
                </results>
              </test-suite>
            </results>
          </test-suite>
        </results>
      </test-suite>
    </results>
  </test-suite>
</test-results>